#
# A fatal error has been detected by the Java Runtime Environment:
#
#  EXCEPTION_ACCESS_VIOLATION (0xc0000005) at pc=0x00007ff91e131480, pid=6012, tid=7048
#
# JRE version: OpenJDK Runtime Environment (15.0.1+9) (build 15.0.1+9-18)
# Java VM: OpenJDK 64-Bit Server VM (15.0.1+9-18, mixed mode, tiered, compressed oops, g1 gc, windows-amd64)
# Problematic frame:
# C  [VCRUNTIME140.dll+0x1480]
#
# No core dump will be written. Minidumps are not enabled by default on client versions of Windows
#
# If you would like to submit a bug report, please visit:
#   https://bugreport.java.com/bugreport/crash.jsp
#

---------------  S U M M A R Y ------------

Command Line: -XX:+ShowCodeDetailsInExceptionMessages -agentlib:jdwp=transport=dt_socket,suspend=y,address=localhost:59490 -javaagent:C:\Users\Leia Ladios\eclipse\eclipse\configuration\org.eclipse.osgi\220\0\.cp\lib\javaagent-shaded.jar -Dfile.encoding=UTF-8 playerlab.PlayerListMain

Host: AMD FX(tm)-6300 Six-Core Processor             , 6 cores, 7G,  Windows 10 , 64 bit Build 18362 (10.0.18362.1350)
Time: Mon Feb 15 18:55:43 2021 Central Standard Time elapsed time: 308.419947 seconds (0d 0h 5m 8s)

---------------  T H R E A D  ---------------

Current thread (0x000001e37f6b9a00):  JavaThread "JDWP Transport Listener: dt_socket" daemon [_thread_in_vm, id=7048, stack(0x00000043f4500000,0x00000043f4600000)] _threads_hazard_ptr=0x000001e3150c3ec0

Stack: [0x00000043f4500000,0x00000043f4600000],  sp=0x00000043f45fecd8,  free space=1019k
Native frames: (J=compiled Java code, j=interpreted, Vv=VM code, C=native code)
C  [VCRUNTIME140.dll+0x1480]
V  [jvm.dll+0x6199d9]
V  [jvm.dll+0x5df038]
V  [jvm.dll+0x7783ef]
V  [jvm.dll+0x4f04b1]
V  [jvm.dll+0x787e95]
V  [jvm.dll+0x4d430a]
V  [jvm.dll+0x49548b]
C  [jdwp.dll+0x796b]


siginfo: EXCEPTION_ACCESS_VIOLATION (0xc0000005), reading address 0x0000000000000000


Register to memory mapping:

RIP=0x00007ff91e131480 VCRUNTIME140.dll
RAX=0x0000000000002000 is an unknown value
RBX=0x00000000000000d2 is an unknown value
RCX=0x000001e3150d0e80 points into unknown readable memory: 0x0000000500000000 | 00 00 00 00 05 00 00 00
RDX=0xfffffe1ceaf2f180 is an unknown value
RSP=0x00000043f45fecd8 is pointing into the stack for thread: 0x000001e37f6b9a00
RBP=0x000001e37f62a0e0 points into unknown readable memory: 0x0000000000000000 | 00 00 00 00 00 00 00 00
RSI=0x000001e314ffc0e0 points into unknown readable memory: 0x000001e37fc6b0b0 | b0 b0 c6 7f e3 01 00 00
RDI=0x00000043f45fed30 is pointing into the stack for thread: 0x000001e37f6b9a00
R8 =0x0000000000002000 is an unknown value
R9 =0x0000000000000002 is an unknown value
R10=0x0 is NULL
R11=0x000001e3150d0e80 points into unknown readable memory: 0x0000000500000000 | 00 00 00 00 05 00 00 00
R12=0x0 is NULL
R13=0x00000000000003d8 is an unknown value
R14=0x000001e379c52190 is a thread
R15=0x00000043f45fedb0 is pointing into the stack for thread: 0x000001e37f6b9a00


Registers:
RAX=0x0000000000002000, RBX=0x00000000000000d2, RCX=0x000001e3150d0e80, RDX=0xfffffe1ceaf2f180
RSP=0x00000043f45fecd8, RBP=0x000001e37f62a0e0, RSI=0x000001e314ffc0e0, RDI=0x00000043f45fed30
R8 =0x0000000000002000, R9 =0x0000000000000002, R10=0x0000000000000000, R11=0x000001e3150d0e80
R12=0x0000000000000000, R13=0x00000000000003d8, R14=0x000001e379c52190, R15=0x00000043f45fedb0
RIP=0x00007ff91e131480, EFLAGS=0x0000000000010246

Top of Stack: (sp=0x00000043f45fecd8)
0x00000043f45fecd8:   00007ff8db9799d9 00000000000000d2
0x00000043f45fece8:   000001e314ffc0e0 00000000000000d2
0x00000043f45fecf8:   000001e37f62a0e0 000001e37f46e850
0x00000043f45fed08:   00007ff8db93f038 000001e37fc6b0b0
0x00000043f45fed18:   00000000000000d2 00000043f45fedb0
0x00000043f45fed28:   000001e379c52190 000001e37fc6b0b0
0x00000043f45fed38:   000001e37f6b9a00 0000000000000000
0x00000043f45fed48:   00007ff8dbad83ef 000001e37fc6b0b0
0x00000043f45fed58:   00000000000000d2 0000000000000000
0x00000043f45fed68:   000001e3150cfc10 0000000400000000
0x00000043f45fed78:   00007ff8db9eccfe 0000000000000000
0x00000043f45fed88:   000001e379c4f180 0000000000000000
0x00000043f45fed98:   0000000000000000 0000000000000000
0x00000043f45feda8:   0000000000000000 000001e37fc6b0b0
0x00000043f45fedb8:   0000ffffdbad00d2 0000000000000000
0x00000043f45fedc8:   000001e3150d0e80 0000000000000000 

Instructions: (pc=0x00007ff91e131480)
0x00007ff91e131380:   b7 0a 44 0f b6 42 02 66 89 08 44 88 40 02 c3 0f
0x00007ff91e131390:   b6 0a 88 08 c3 f3 0f 6f 02 f3 0f 7f 00 c3 66 90
0x00007ff91e1313a0:   4c 8b 02 0f b7 4a 08 44 0f b6 4a 0a 4c 89 00 66
0x00007ff91e1313b0:   89 48 08 44 88 48 0a c3 8b 0a 89 08 c3 0f 1f 00
0x00007ff91e1313c0:   8b 0a 44 0f b6 42 04 89 08 44 88 40 04 c3 66 90
0x00007ff91e1313d0:   8b 0a 44 0f b7 42 04 89 08 66 44 89 40 04 c3 90
0x00007ff91e1313e0:   8b 0a 44 0f b7 42 04 44 0f b6 4a 06 89 08 66 44
0x00007ff91e1313f0:   89 40 04 44 88 48 06 c3 4c 8b 02 8b 4a 08 44 0f
0x00007ff91e131400:   b6 4a 0c 4c 89 00 89 48 08 44 88 48 0c c3 66 90
0x00007ff91e131410:   4c 8b 02 0f b6 4a 08 4c 89 00 88 48 08 c3 66 90
0x00007ff91e131420:   4c 8b 02 0f b7 4a 08 4c 89 00 66 89 48 08 c3 90
0x00007ff91e131430:   4c 8b 02 8b 4a 08 4c 89 00 89 48 08 c3 0f 1f 00
0x00007ff91e131440:   4c 8b 02 8b 4a 08 44 0f b7 4a 0c 4c 89 00 89 48
0x00007ff91e131450:   08 66 44 89 48 0c c3 66 0f 1f 84 00 00 00 00 00
0x00007ff91e131460:   4c 8b 02 8b 4a 08 44 0f b7 4a 0c 44 0f b6 52 0e
0x00007ff91e131470:   4c 89 00 89 48 08 66 44 89 48 0c 44 88 50 0e c3
0x00007ff91e131480:   0f 10 04 11 4c 03 c1 48 83 c1 10 41 f6 c3 0f 74
0x00007ff91e131490:   13 0f 28 c8 48 83 e1 f0 0f 10 04 11 48 83 c1 10
0x00007ff91e1314a0:   41 0f 11 0b 4c 2b c1 4d 8b c8 49 c1 e9 07 0f 84
0x00007ff91e1314b0:   88 00 00 00 0f 29 41 f0 4c 3b 0d 51 2b 01 00 76
0x00007ff91e1314c0:   17 e9 c2 00 00 00 66 66 0f 1f 84 00 00 00 00 00
0x00007ff91e1314d0:   0f 29 41 e0 0f 29 49 f0 0f 10 04 11 0f 10 4c 11
0x00007ff91e1314e0:   10 48 81 c1 80 00 00 00 0f 29 41 80 0f 29 49 90
0x00007ff91e1314f0:   0f 10 44 11 a0 0f 10 4c 11 b0 49 ff c9 0f 29 41
0x00007ff91e131500:   a0 0f 29 49 b0 0f 10 44 11 c0 0f 10 4c 11 d0 0f
0x00007ff91e131510:   29 41 c0 0f 29 49 d0 0f 10 44 11 e0 0f 10 4c 11
0x00007ff91e131520:   f0 75 ad 0f 29 41 e0 49 83 e0 7f 0f 28 c1 eb 0c
0x00007ff91e131530:   0f 10 04 11 48 83 c1 10 49 83 e8 10 4d 8b c8 49
0x00007ff91e131540:   c1 e9 04 74 1c 66 66 66 0f 1f 84 00 00 00 00 00
0x00007ff91e131550:   0f 11 41 f0 0f 10 04 11 48 83 c1 10 49 ff c9 75
0x00007ff91e131560:   ef 49 83 e0 0f 74 0d 4a 8d 04 01 0f 10 4c 10 f0
0x00007ff91e131570:   0f 11 48 f0 0f 11 41 f0 49 8b c3 c3 0f 1f 40 00 


Stack slot to memory mapping:
stack at sp + 0 slots: 0x00007ff8db9799d9 jvm.dll
stack at sp + 1 slots: 0x00000000000000d2 is an unknown value
stack at sp + 2 slots: 0x000001e314ffc0e0 points into unknown readable memory: 0x000001e37fc6b0b0 | b0 b0 c6 7f e3 01 00 00
stack at sp + 3 slots: 0x00000000000000d2 is an unknown value
stack at sp + 4 slots: 0x000001e37f62a0e0 points into unknown readable memory: 0x0000000000000000 | 00 00 00 00 00 00 00 00
stack at sp + 5 slots: 0x000001e37f46e850 points into unknown readable memory: 0x616c726579616c70 | 70 6c 61 79 65 72 6c 61
stack at sp + 6 slots: 0x00007ff8db93f038 jvm.dll
stack at sp + 7 slots: {method} {0x000001e37fc6b0b8} 'addEntry' '(Lplayerlab/GameEntry;)V' in 'playerlab/DoublyLinkedList'


---------------  P R O C E S S  ---------------

Threads class SMR info:
_java_thread_list=0x000001e3150c3ec0, length=14, elements={
0x000001e379c52190, 0x000001e37f3f2010, 0x000001e37f3f59f0, 0x000001e37f3f7800,
0x000001e37f41a010, 0x000001e37f41a8d0, 0x000001e37f41b4c0, 0x000001e37ebca860,
0x000001e37ebcdd90, 0x000001e37f5d4010, 0x000001e37f6b9a00, 0x000001e37f6af3e0,
0x000001e37f6bd3f0, 0x000001e31504a970
}

Java Threads: ( => current thread )
  0x000001e379c52190 JavaThread "main" [_thread_blocked, id=11628, stack(0x00000043f3500000,0x00000043f3600000)]
  0x000001e37f3f2010 JavaThread "Reference Handler" daemon [_thread_blocked, id=8800, stack(0x00000043f3c00000,0x00000043f3d00000)]
  0x000001e37f3f59f0 JavaThread "Finalizer" daemon [_thread_blocked, id=3876, stack(0x00000043f3d00000,0x00000043f3e00000)]
  0x000001e37f3f7800 JavaThread "Signal Dispatcher" daemon [_thread_blocked, id=4620, stack(0x00000043f3e00000,0x00000043f3f00000)]
  0x000001e37f41a010 JavaThread "Attach Listener" daemon [_thread_blocked, id=10744, stack(0x00000043f3f00000,0x00000043f4000000)]
  0x000001e37f41a8d0 JavaThread "Service Thread" daemon [_thread_blocked, id=8600, stack(0x00000043f4000000,0x00000043f4100000)]
  0x000001e37f41b4c0 JavaThread "C2 CompilerThread0" daemon [_thread_blocked, id=5364, stack(0x00000043f4100000,0x00000043f4200000)]
  0x000001e37ebca860 JavaThread "C1 CompilerThread0" daemon [_thread_blocked, id=2140, stack(0x00000043f4200000,0x00000043f4300000)]
  0x000001e37ebcdd90 JavaThread "Sweeper thread" daemon [_thread_blocked, id=11908, stack(0x00000043f4300000,0x00000043f4400000)]
  0x000001e37f5d4010 JavaThread "Common-Cleaner" daemon [_thread_blocked, id=7704, stack(0x00000043f4400000,0x00000043f4500000)]
=>0x000001e37f6b9a00 JavaThread "JDWP Transport Listener: dt_socket" daemon [_thread_in_vm, id=7048, stack(0x00000043f4500000,0x00000043f4600000)]
  0x000001e37f6af3e0 JavaThread "JDWP Event Helper Thread" daemon [_thread_blocked, id=7784, stack(0x00000043f4600000,0x00000043f4700000)]
  0x000001e37f6bd3f0 JavaThread "JDWP Command Reader" daemon [_thread_in_native, id=11704, stack(0x00000043f4700000,0x00000043f4800000)]
  0x000001e31504a970 JavaThread "Notification Thread" daemon [_thread_blocked, id=9872, stack(0x00000043f4900000,0x00000043f4a00000)]

Other Threads:
  0x000001e37f3dd870 VMThread "VM Thread" [stack: 0x00000043f3b00000,0x00000043f3c00000] [id=12240]
  0x000001e379c53220 WatcherThread [stack: 0x00000043f4a00000,0x00000043f4b00000] [id=6900]
  0x000001e379c91e30 GCTaskThread "GC Thread#0" [stack: 0x00000043f3600000,0x00000043f3700000] [id=5396]
  0x000001e379ca4740 ConcurrentGCThread "G1 Main Marker" [stack: 0x00000043f3700000,0x00000043f3800000] [id=11592]
  0x000001e379ca52c0 ConcurrentGCThread "G1 Conc#0" [stack: 0x00000043f3800000,0x00000043f3900000] [id=7936]
  0x000001e37e9e0090 ConcurrentGCThread "G1 Refine#0" [stack: 0x00000043f3900000,0x00000043f3a00000] [id=7240]
  0x000001e37e9e1bb0 ConcurrentGCThread "G1 Young RemSet Sampling" [stack: 0x00000043f3a00000,0x00000043f3b00000] [id=7144]

Threads with active compile tasks:

VM state: not at safepoint (normal execution)

VM Mutex/Monitor currently owned by a thread: None

Heap address: 0x0000000080400000, size: 2044 MB, Compressed Oops mode: 32-bit
CDS disabled.
Compressed class space mapped at: 0x0000000100000000-0x0000000140000000, size: 1073741824
Narrow klass base: 0x0000000000000000, Narrow klass shift: 3, Narrow klass range: 0x140000000

GC Precious Log:
 CPUs: 6 total, 6 available
 Memory: 8168M
 Large Page Support: Disabled
 NUMA Support: Disabled
 Compressed Oops: Enabled (32-bit)
 Heap Region Size: 1M
 Heap Min Capacity: 8M
 Heap Initial Capacity: 128M
 Heap Max Capacity: 2044M
 Pre-touch: Disabled
 Parallel Workers: 6
 Concurrent Workers: 2
 Concurrent Refinement Workers: 6
 Periodic GC: Disabled

Heap:
 garbage-first heap   total 131072K, used 6144K [0x0000000080400000, 0x0000000100000000)
  region size 1024K, 7 young (7168K), 0 survivors (0K)
 Metaspace       used 10205K, capacity 10308K, committed 10496K, reserved 1058816K
  class space    used 874K, capacity 919K, committed 1024K, reserved 1048576K

Heap Regions: E=young(eden), S=young(survivor), O=old, HS=humongous(starts), HC=humongous(continues), CS=collection set, F=free, OA=open archive, CA=closed archive, TAMS=top-at-mark-start (previous, next)
|   0|0x0000000080400000, 0x0000000080400000, 0x0000000080500000|  0%| F|  |TAMS 0x0000000080400000, 0x0000000080400000| Untracked 
|   1|0x0000000080500000, 0x0000000080500000, 0x0000000080600000|  0%| F|  |TAMS 0x0000000080500000, 0x0000000080500000| Untracked 
|   2|0x0000000080600000, 0x0000000080600000, 0x0000000080700000|  0%| F|  |TAMS 0x0000000080600000, 0x0000000080600000| Untracked 
|   3|0x0000000080700000, 0x0000000080700000, 0x0000000080800000|  0%| F|  |TAMS 0x0000000080700000, 0x0000000080700000| Untracked 
|   4|0x0000000080800000, 0x0000000080800000, 0x0000000080900000|  0%| F|  |TAMS 0x0000000080800000, 0x0000000080800000| Untracked 
|   5|0x0000000080900000, 0x0000000080900000, 0x0000000080a00000|  0%| F|  |TAMS 0x0000000080900000, 0x0000000080900000| Untracked 
|   6|0x0000000080a00000, 0x0000000080a00000, 0x0000000080b00000|  0%| F|  |TAMS 0x0000000080a00000, 0x0000000080a00000| Untracked 
|   7|0x0000000080b00000, 0x0000000080b00000, 0x0000000080c00000|  0%| F|  |TAMS 0x0000000080b00000, 0x0000000080b00000| Untracked 
|   8|0x0000000080c00000, 0x0000000080c00000, 0x0000000080d00000|  0%| F|  |TAMS 0x0000000080c00000, 0x0000000080c00000| Untracked 
|   9|0x0000000080d00000, 0x0000000080d00000, 0x0000000080e00000|  0%| F|  |TAMS 0x0000000080d00000, 0x0000000080d00000| Untracked 
|  10|0x0000000080e00000, 0x0000000080e00000, 0x0000000080f00000|  0%| F|  |TAMS 0x0000000080e00000, 0x0000000080e00000| Untracked 
|  11|0x0000000080f00000, 0x0000000080f00000, 0x0000000081000000|  0%| F|  |TAMS 0x0000000080f00000, 0x0000000080f00000| Untracked 
|  12|0x0000000081000000, 0x0000000081000000, 0x0000000081100000|  0%| F|  |TAMS 0x0000000081000000, 0x0000000081000000| Untracked 
|  13|0x0000000081100000, 0x0000000081100000, 0x0000000081200000|  0%| F|  |TAMS 0x0000000081100000, 0x0000000081100000| Untracked 
|  14|0x0000000081200000, 0x0000000081200000, 0x0000000081300000|  0%| F|  |TAMS 0x0000000081200000, 0x0000000081200000| Untracked 
|  15|0x0000000081300000, 0x0000000081300000, 0x0000000081400000|  0%| F|  |TAMS 0x0000000081300000, 0x0000000081300000| Untracked 
|  16|0x0000000081400000, 0x0000000081400000, 0x0000000081500000|  0%| F|  |TAMS 0x0000000081400000, 0x0000000081400000| Untracked 
|  17|0x0000000081500000, 0x0000000081500000, 0x0000000081600000|  0%| F|  |TAMS 0x0000000081500000, 0x0000000081500000| Untracked 
|  18|0x0000000081600000, 0x0000000081600000, 0x0000000081700000|  0%| F|  |TAMS 0x0000000081600000, 0x0000000081600000| Untracked 
|  19|0x0000000081700000, 0x0000000081700000, 0x0000000081800000|  0%| F|  |TAMS 0x0000000081700000, 0x0000000081700000| Untracked 
|  20|0x0000000081800000, 0x0000000081800000, 0x0000000081900000|  0%| F|  |TAMS 0x0000000081800000, 0x0000000081800000| Untracked 
|  21|0x0000000081900000, 0x0000000081900000, 0x0000000081a00000|  0%| F|  |TAMS 0x0000000081900000, 0x0000000081900000| Untracked 
|  22|0x0000000081a00000, 0x0000000081a00000, 0x0000000081b00000|  0%| F|  |TAMS 0x0000000081a00000, 0x0000000081a00000| Untracked 
|  23|0x0000000081b00000, 0x0000000081b00000, 0x0000000081c00000|  0%| F|  |TAMS 0x0000000081b00000, 0x0000000081b00000| Untracked 
|  24|0x0000000081c00000, 0x0000000081c00000, 0x0000000081d00000|  0%| F|  |TAMS 0x0000000081c00000, 0x0000000081c00000| Untracked 
|  25|0x0000000081d00000, 0x0000000081d00000, 0x0000000081e00000|  0%| F|  |TAMS 0x0000000081d00000, 0x0000000081d00000| Untracked 
|  26|0x0000000081e00000, 0x0000000081e00000, 0x0000000081f00000|  0%| F|  |TAMS 0x0000000081e00000, 0x0000000081e00000| Untracked 
|  27|0x0000000081f00000, 0x0000000081f00000, 0x0000000082000000|  0%| F|  |TAMS 0x0000000081f00000, 0x0000000081f00000| Untracked 
|  28|0x0000000082000000, 0x0000000082000000, 0x0000000082100000|  0%| F|  |TAMS 0x0000000082000000, 0x0000000082000000| Untracked 
|  29|0x0000000082100000, 0x0000000082100000, 0x0000000082200000|  0%| F|  |TAMS 0x0000000082100000, 0x0000000082100000| Untracked 
|  30|0x0000000082200000, 0x0000000082200000, 0x0000000082300000|  0%| F|  |TAMS 0x0000000082200000, 0x0000000082200000| Untracked 
|  31|0x0000000082300000, 0x0000000082300000, 0x0000000082400000|  0%| F|  |TAMS 0x0000000082300000, 0x0000000082300000| Untracked 
|  32|0x0000000082400000, 0x0000000082400000, 0x0000000082500000|  0%| F|  |TAMS 0x0000000082400000, 0x0000000082400000| Untracked 
|  33|0x0000000082500000, 0x0000000082500000, 0x0000000082600000|  0%| F|  |TAMS 0x0000000082500000, 0x0000000082500000| Untracked 
|  34|0x0000000082600000, 0x0000000082600000, 0x0000000082700000|  0%| F|  |TAMS 0x0000000082600000, 0x0000000082600000| Untracked 
|  35|0x0000000082700000, 0x0000000082700000, 0x0000000082800000|  0%| F|  |TAMS 0x0000000082700000, 0x0000000082700000| Untracked 
|  36|0x0000000082800000, 0x0000000082800000, 0x0000000082900000|  0%| F|  |TAMS 0x0000000082800000, 0x0000000082800000| Untracked 
|  37|0x0000000082900000, 0x0000000082900000, 0x0000000082a00000|  0%| F|  |TAMS 0x0000000082900000, 0x0000000082900000| Untracked 
|  38|0x0000000082a00000, 0x0000000082a00000, 0x0000000082b00000|  0%| F|  |TAMS 0x0000000082a00000, 0x0000000082a00000| Untracked 
|  39|0x0000000082b00000, 0x0000000082b00000, 0x0000000082c00000|  0%| F|  |TAMS 0x0000000082b00000, 0x0000000082b00000| Untracked 
|  40|0x0000000082c00000, 0x0000000082c00000, 0x0000000082d00000|  0%| F|  |TAMS 0x0000000082c00000, 0x0000000082c00000| Untracked 
|  41|0x0000000082d00000, 0x0000000082d00000, 0x0000000082e00000|  0%| F|  |TAMS 0x0000000082d00000, 0x0000000082d00000| Untracked 
|  42|0x0000000082e00000, 0x0000000082e00000, 0x0000000082f00000|  0%| F|  |TAMS 0x0000000082e00000, 0x0000000082e00000| Untracked 
|  43|0x0000000082f00000, 0x0000000082f00000, 0x0000000083000000|  0%| F|  |TAMS 0x0000000082f00000, 0x0000000082f00000| Untracked 
|  44|0x0000000083000000, 0x0000000083000000, 0x0000000083100000|  0%| F|  |TAMS 0x0000000083000000, 0x0000000083000000| Untracked 
|  45|0x0000000083100000, 0x0000000083100000, 0x0000000083200000|  0%| F|  |TAMS 0x0000000083100000, 0x0000000083100000| Untracked 
|  46|0x0000000083200000, 0x0000000083200000, 0x0000000083300000|  0%| F|  |TAMS 0x0000000083200000, 0x0000000083200000| Untracked 
|  47|0x0000000083300000, 0x0000000083300000, 0x0000000083400000|  0%| F|  |TAMS 0x0000000083300000, 0x0000000083300000| Untracked 
|  48|0x0000000083400000, 0x0000000083400000, 0x0000000083500000|  0%| F|  |TAMS 0x0000000083400000, 0x0000000083400000| Untracked 
|  49|0x0000000083500000, 0x0000000083500000, 0x0000000083600000|  0%| F|  |TAMS 0x0000000083500000, 0x0000000083500000| Untracked 
|  50|0x0000000083600000, 0x0000000083600000, 0x0000000083700000|  0%| F|  |TAMS 0x0000000083600000, 0x0000000083600000| Untracked 
|  51|0x0000000083700000, 0x0000000083700000, 0x0000000083800000|  0%| F|  |TAMS 0x0000000083700000, 0x0000000083700000| Untracked 
|  52|0x0000000083800000, 0x0000000083800000, 0x0000000083900000|  0%| F|  |TAMS 0x0000000083800000, 0x0000000083800000| Untracked 
|  53|0x0000000083900000, 0x0000000083900000, 0x0000000083a00000|  0%| F|  |TAMS 0x0000000083900000, 0x0000000083900000| Untracked 
|  54|0x0000000083a00000, 0x0000000083a00000, 0x0000000083b00000|  0%| F|  |TAMS 0x0000000083a00000, 0x0000000083a00000| Untracked 
|  55|0x0000000083b00000, 0x0000000083b00000, 0x0000000083c00000|  0%| F|  |TAMS 0x0000000083b00000, 0x0000000083b00000| Untracked 
|  56|0x0000000083c00000, 0x0000000083c00000, 0x0000000083d00000|  0%| F|  |TAMS 0x0000000083c00000, 0x0000000083c00000| Untracked 
|  57|0x0000000083d00000, 0x0000000083d00000, 0x0000000083e00000|  0%| F|  |TAMS 0x0000000083d00000, 0x0000000083d00000| Untracked 
|  58|0x0000000083e00000, 0x0000000083e00000, 0x0000000083f00000|  0%| F|  |TAMS 0x0000000083e00000, 0x0000000083e00000| Untracked 
|  59|0x0000000083f00000, 0x0000000083f00000, 0x0000000084000000|  0%| F|  |TAMS 0x0000000083f00000, 0x0000000083f00000| Untracked 
|  60|0x0000000084000000, 0x0000000084000000, 0x0000000084100000|  0%| F|  |TAMS 0x0000000084000000, 0x0000000084000000| Untracked 
|  61|0x0000000084100000, 0x0000000084100000, 0x0000000084200000|  0%| F|  |TAMS 0x0000000084100000, 0x0000000084100000| Untracked 
|  62|0x0000000084200000, 0x0000000084200000, 0x0000000084300000|  0%| F|  |TAMS 0x0000000084200000, 0x0000000084200000| Untracked 
|  63|0x0000000084300000, 0x0000000084300000, 0x0000000084400000|  0%| F|  |TAMS 0x0000000084300000, 0x0000000084300000| Untracked 
|  64|0x0000000084400000, 0x0000000084400000, 0x0000000084500000|  0%| F|  |TAMS 0x0000000084400000, 0x0000000084400000| Untracked 
|  65|0x0000000084500000, 0x0000000084500000, 0x0000000084600000|  0%| F|  |TAMS 0x0000000084500000, 0x0000000084500000| Untracked 
|  66|0x0000000084600000, 0x0000000084600000, 0x0000000084700000|  0%| F|  |TAMS 0x0000000084600000, 0x0000000084600000| Untracked 
|  67|0x0000000084700000, 0x0000000084700000, 0x0000000084800000|  0%| F|  |TAMS 0x0000000084700000, 0x0000000084700000| Untracked 
|  68|0x0000000084800000, 0x0000000084800000, 0x0000000084900000|  0%| F|  |TAMS 0x0000000084800000, 0x0000000084800000| Untracked 
|  69|0x0000000084900000, 0x0000000084900000, 0x0000000084a00000|  0%| F|  |TAMS 0x0000000084900000, 0x0000000084900000| Untracked 
|  70|0x0000000084a00000, 0x0000000084a00000, 0x0000000084b00000|  0%| F|  |TAMS 0x0000000084a00000, 0x0000000084a00000| Untracked 
|  71|0x0000000084b00000, 0x0000000084b00000, 0x0000000084c00000|  0%| F|  |TAMS 0x0000000084b00000, 0x0000000084b00000| Untracked 
|  72|0x0000000084c00000, 0x0000000084c00000, 0x0000000084d00000|  0%| F|  |TAMS 0x0000000084c00000, 0x0000000084c00000| Untracked 
|  73|0x0000000084d00000, 0x0000000084d00000, 0x0000000084e00000|  0%| F|  |TAMS 0x0000000084d00000, 0x0000000084d00000| Untracked 
|  74|0x0000000084e00000, 0x0000000084e00000, 0x0000000084f00000|  0%| F|  |TAMS 0x0000000084e00000, 0x0000000084e00000| Untracked 
|  75|0x0000000084f00000, 0x0000000084f00000, 0x0000000085000000|  0%| F|  |TAMS 0x0000000084f00000, 0x0000000084f00000| Untracked 
|  76|0x0000000085000000, 0x0000000085000000, 0x0000000085100000|  0%| F|  |TAMS 0x0000000085000000, 0x0000000085000000| Untracked 
|  77|0x0000000085100000, 0x0000000085100000, 0x0000000085200000|  0%| F|  |TAMS 0x0000000085100000, 0x0000000085100000| Untracked 
|  78|0x0000000085200000, 0x0000000085200000, 0x0000000085300000|  0%| F|  |TAMS 0x0000000085200000, 0x0000000085200000| Untracked 
|  79|0x0000000085300000, 0x0000000085300000, 0x0000000085400000|  0%| F|  |TAMS 0x0000000085300000, 0x0000000085300000| Untracked 
|  80|0x0000000085400000, 0x0000000085400000, 0x0000000085500000|  0%| F|  |TAMS 0x0000000085400000, 0x0000000085400000| Untracked 
|  81|0x0000000085500000, 0x0000000085500000, 0x0000000085600000|  0%| F|  |TAMS 0x0000000085500000, 0x0000000085500000| Untracked 
|  82|0x0000000085600000, 0x0000000085600000, 0x0000000085700000|  0%| F|  |TAMS 0x0000000085600000, 0x0000000085600000| Untracked 
|  83|0x0000000085700000, 0x0000000085700000, 0x0000000085800000|  0%| F|  |TAMS 0x0000000085700000, 0x0000000085700000| Untracked 
|  84|0x0000000085800000, 0x0000000085800000, 0x0000000085900000|  0%| F|  |TAMS 0x0000000085800000, 0x0000000085800000| Untracked 
|  85|0x0000000085900000, 0x0000000085900000, 0x0000000085a00000|  0%| F|  |TAMS 0x0000000085900000, 0x0000000085900000| Untracked 
|  86|0x0000000085a00000, 0x0000000085a00000, 0x0000000085b00000|  0%| F|  |TAMS 0x0000000085a00000, 0x0000000085a00000| Untracked 
|  87|0x0000000085b00000, 0x0000000085b00000, 0x0000000085c00000|  0%| F|  |TAMS 0x0000000085b00000, 0x0000000085b00000| Untracked 
|  88|0x0000000085c00000, 0x0000000085c00000, 0x0000000085d00000|  0%| F|  |TAMS 0x0000000085c00000, 0x0000000085c00000| Untracked 
|  89|0x0000000085d00000, 0x0000000085d00000, 0x0000000085e00000|  0%| F|  |TAMS 0x0000000085d00000, 0x0000000085d00000| Untracked 
|  90|0x0000000085e00000, 0x0000000085e00000, 0x0000000085f00000|  0%| F|  |TAMS 0x0000000085e00000, 0x0000000085e00000| Untracked 
|  91|0x0000000085f00000, 0x0000000085f00000, 0x0000000086000000|  0%| F|  |TAMS 0x0000000085f00000, 0x0000000085f00000| Untracked 
|  92|0x0000000086000000, 0x0000000086000000, 0x0000000086100000|  0%| F|  |TAMS 0x0000000086000000, 0x0000000086000000| Untracked 
|  93|0x0000000086100000, 0x0000000086100000, 0x0000000086200000|  0%| F|  |TAMS 0x0000000086100000, 0x0000000086100000| Untracked 
|  94|0x0000000086200000, 0x0000000086200000, 0x0000000086300000|  0%| F|  |TAMS 0x0000000086200000, 0x0000000086200000| Untracked 
|  95|0x0000000086300000, 0x0000000086300000, 0x0000000086400000|  0%| F|  |TAMS 0x0000000086300000, 0x0000000086300000| Untracked 
|  96|0x0000000086400000, 0x0000000086400000, 0x0000000086500000|  0%| F|  |TAMS 0x0000000086400000, 0x0000000086400000| Untracked 
|  97|0x0000000086500000, 0x0000000086500000, 0x0000000086600000|  0%| F|  |TAMS 0x0000000086500000, 0x0000000086500000| Untracked 
|  98|0x0000000086600000, 0x0000000086600000, 0x0000000086700000|  0%| F|  |TAMS 0x0000000086600000, 0x0000000086600000| Untracked 
|  99|0x0000000086700000, 0x0000000086700000, 0x0000000086800000|  0%| F|  |TAMS 0x0000000086700000, 0x0000000086700000| Untracked 
| 100|0x0000000086800000, 0x0000000086800000, 0x0000000086900000|  0%| F|  |TAMS 0x0000000086800000, 0x0000000086800000| Untracked 
| 101|0x0000000086900000, 0x0000000086900000, 0x0000000086a00000|  0%| F|  |TAMS 0x0000000086900000, 0x0000000086900000| Untracked 
| 102|0x0000000086a00000, 0x0000000086a00000, 0x0000000086b00000|  0%| F|  |TAMS 0x0000000086a00000, 0x0000000086a00000| Untracked 
| 103|0x0000000086b00000, 0x0000000086b00000, 0x0000000086c00000|  0%| F|  |TAMS 0x0000000086b00000, 0x0000000086b00000| Untracked 
| 104|0x0000000086c00000, 0x0000000086c00000, 0x0000000086d00000|  0%| F|  |TAMS 0x0000000086c00000, 0x0000000086c00000| Untracked 
| 105|0x0000000086d00000, 0x0000000086d00000, 0x0000000086e00000|  0%| F|  |TAMS 0x0000000086d00000, 0x0000000086d00000| Untracked 
| 106|0x0000000086e00000, 0x0000000086e00000, 0x0000000086f00000|  0%| F|  |TAMS 0x0000000086e00000, 0x0000000086e00000| Untracked 
| 107|0x0000000086f00000, 0x0000000086f00000, 0x0000000087000000|  0%| F|  |TAMS 0x0000000086f00000, 0x0000000086f00000| Untracked 
| 108|0x0000000087000000, 0x0000000087000000, 0x0000000087100000|  0%| F|  |TAMS 0x0000000087000000, 0x0000000087000000| Untracked 
| 109|0x0000000087100000, 0x0000000087100000, 0x0000000087200000|  0%| F|  |TAMS 0x0000000087100000, 0x0000000087100000| Untracked 
| 110|0x0000000087200000, 0x0000000087200000, 0x0000000087300000|  0%| F|  |TAMS 0x0000000087200000, 0x0000000087200000| Untracked 
| 111|0x0000000087300000, 0x0000000087300000, 0x0000000087400000|  0%| F|  |TAMS 0x0000000087300000, 0x0000000087300000| Untracked 
| 112|0x0000000087400000, 0x0000000087400000, 0x0000000087500000|  0%| F|  |TAMS 0x0000000087400000, 0x0000000087400000| Untracked 
| 113|0x0000000087500000, 0x0000000087500000, 0x0000000087600000|  0%| F|  |TAMS 0x0000000087500000, 0x0000000087500000| Untracked 
| 114|0x0000000087600000, 0x0000000087600000, 0x0000000087700000|  0%| F|  |TAMS 0x0000000087600000, 0x0000000087600000| Untracked 
| 115|0x0000000087700000, 0x0000000087700000, 0x0000000087800000|  0%| F|  |TAMS 0x0000000087700000, 0x0000000087700000| Untracked 
| 116|0x0000000087800000, 0x0000000087800000, 0x0000000087900000|  0%| F|  |TAMS 0x0000000087800000, 0x0000000087800000| Untracked 
| 117|0x0000000087900000, 0x0000000087900000, 0x0000000087a00000|  0%| F|  |TAMS 0x0000000087900000, 0x0000000087900000| Untracked 
| 118|0x0000000087a00000, 0x0000000087a00000, 0x0000000087b00000|  0%| F|  |TAMS 0x0000000087a00000, 0x0000000087a00000| Untracked 
| 119|0x0000000087b00000, 0x0000000087b00000, 0x0000000087c00000|  0%| F|  |TAMS 0x0000000087b00000, 0x0000000087b00000| Untracked 
| 120|0x0000000087c00000, 0x0000000087c00000, 0x0000000087d00000|  0%| F|  |TAMS 0x0000000087c00000, 0x0000000087c00000| Untracked 
| 121|0x0000000087d00000, 0x0000000087d772e8, 0x0000000087e00000| 46%| E|  |TAMS 0x0000000087d00000, 0x0000000087d00000| Complete 
| 122|0x0000000087e00000, 0x0000000087f00000, 0x0000000087f00000|100%| E|CS|TAMS 0x0000000087e00000, 0x0000000087e00000| Complete 
| 123|0x0000000087f00000, 0x0000000088000000, 0x0000000088000000|100%| E|CS|TAMS 0x0000000087f00000, 0x0000000087f00000| Complete 
| 124|0x0000000088000000, 0x0000000088100000, 0x0000000088100000|100%| E|CS|TAMS 0x0000000088000000, 0x0000000088000000| Complete 
| 125|0x0000000088100000, 0x0000000088200000, 0x0000000088200000|100%| E|CS|TAMS 0x0000000088100000, 0x0000000088100000| Complete 
| 126|0x0000000088200000, 0x0000000088300000, 0x0000000088300000|100%| E|CS|TAMS 0x0000000088200000, 0x0000000088200000| Complete 
| 127|0x0000000088300000, 0x0000000088400000, 0x0000000088400000|100%| E|CS|TAMS 0x0000000088300000, 0x0000000088300000| Complete 

Card table byte_map: [0x000001e37db70000,0x000001e37df70000] _byte_map_base: 0x000001e37d76e000

Marking Bits (Prev, Next): (CMBitMap*) 0x000001e379c935c0, (CMBitMap*) 0x000001e379c93600
 Prev Bits: [0x000001e30f000000, 0x000001e310ff0000)
 Next Bits: [0x000001e310ff0000, 0x000001e312fe0000)

Polling page: 0x000001e377ae0000

Metaspace:

Usage:
  Non-class:      9.17 MB capacity,     9.11 MB (>99%) used,    51.55 KB ( <1%) free+waste,     6.31 KB ( <1%) overhead. 
      Class:    919.00 KB capacity,   874.42 KB ( 95%) used,    42.64 KB (  5%) free+waste,     1.94 KB ( <1%) overhead. 
       Both:     10.07 MB capacity,     9.97 MB (>99%) used,    94.19 KB ( <1%) free+waste,     8.25 KB ( <1%) overhead. 

Virtual space:
  Non-class space:       10.00 MB reserved,       9.25 MB ( 93%) committed 
      Class space:        1.00 GB reserved,       1.00 MB ( <1%) committed 
             Both:        1.01 GB reserved,      10.25 MB ( <1%) committed 

Chunk freelists:
   Non-Class:  19.00 KB
       Class:  9.00 KB
        Both:  28.00 KB

MaxMetaspaceSize: 17179869184.00 GB
CompressedClassSpaceSize: 1.00 GB

CodeHeap 'non-profiled nmethods': size=120000Kb used=147Kb max_used=147Kb free=119852Kb
 bounds [0x000001e307ad0000, 0x000001e307d40000, 0x000001e30f000000]
CodeHeap 'profiled nmethods': size=120000Kb used=650Kb max_used=650Kb free=119349Kb
 bounds [0x000001e3005a0000, 0x000001e300810000, 0x000001e307ad0000]
CodeHeap 'non-nmethods': size=5760Kb used=1231Kb max_used=1246Kb free=4528Kb
 bounds [0x000001e300000000, 0x000001e300270000, 0x000001e3005a0000]
 total_blobs=882 nmethods=486 adapters=310
 compilation: enabled
              stopped_count=0, restarted_count=0
 full_count=0

Compilation events (20 events):
Event: 0.757 Thread 0x000001e37ebca860  477       1       java.security.ProtectionDomain::getCodeSource (5 bytes)
Event: 0.757 Thread 0x000001e37ebca860 nmethod 477 0x000001e307af4610 code [0x000001e307af47a0, 0x000001e307af4858]
Event: 0.758 Thread 0x000001e37ebca860  478       3       org.eclipse.jdt.launching.internal.org.objectweb.asm.SymbolTable::add (39 bytes)
Event: 0.758 Thread 0x000001e37f41b4c0  479       4       org.eclipse.jdt.launching.internal.org.objectweb.asm.ClassReader::readUnsignedShort (26 bytes)
Event: 0.758 Thread 0x000001e37ebca860 nmethod 478 0x000001e30063fe90 code [0x000001e300640040, 0x000001e300640378]
Event: 0.759 Thread 0x000001e37f41b4c0 nmethod 479 0x000001e307af4910 code [0x000001e307af4aa0, 0x000001e307af4b98]
Event: 298.539 Thread 0x000001e37ebca860  480       3       org.eclipse.jdt.launching.internal.org.objectweb.asm.SymbolTable::addConstantUtf8 (20 bytes)
Event: 298.539 Thread 0x000001e37ebca860 nmethod 480 0x000001e300640490 code [0x000001e300640660, 0x000001e300640908]
Event: 298.539 Thread 0x000001e37ebca860  481       3       org.eclipse.jdt.launching.internal.org.objectweb.asm.Symbol::<init> (38 bytes)
Event: 298.539 Thread 0x000001e37ebca860 nmethod 481 0x000001e300640a90 code [0x000001e300640c40, 0x000001e300640ed8]
Event: 298.539 Thread 0x000001e37ebca860  482       3       org.eclipse.jdt.launching.internal.org.objectweb.asm.ByteVector::putShort (52 bytes)
Event: 298.540 Thread 0x000001e37ebca860 nmethod 482 0x000001e300641010 code [0x000001e3006411c0, 0x000001e3006413c8]
Event: 298.540 Thread 0x000001e37ebca860  483       3       org.eclipse.jdt.launching.internal.org.objectweb.asm.SymbolTable::get (13 bytes)
Event: 298.540 Thread 0x000001e37ebca860 nmethod 483 0x000001e300641510 code [0x000001e3006416a0, 0x000001e3006417f8]
Event: 307.850 Thread 0x000001e37ebca860  484       3       org.eclipse.jdt.launching.internal.org.objectweb.asm.SymbolTable::addConstantUtf8 (98 bytes)
Event: 307.853 Thread 0x000001e37ebca860 nmethod 484 0x000001e300641910 code [0x000001e300641b40, 0x000001e300642118]
Event: 307.853 Thread 0x000001e37ebca860  486       3       org.eclipse.jdt.launching.internal.org.objectweb.asm.ClassReader::readInt (52 bytes)
Event: 307.854 Thread 0x000001e37ebca860 nmethod 486 0x000001e300642490 code [0x000001e300642620, 0x000001e3006427f8]
Event: 307.854 Thread 0x000001e37ebca860  485       1       org.eclipse.jdt.launching.internal.org.objectweb.asm.SymbolTable::getMajorVersion (5 bytes)
Event: 307.854 Thread 0x000001e37ebca860 nmethod 485 0x000001e307af4c90 code [0x000001e307af4e20, 0x000001e307af4ed8]

GC Heap History (0 events):
No events

Deoptimization events (20 events):
Event: 0.684 Thread 0x000001e379c52190 DEOPT PACKING pc=0x000001e300614061 sp=0x00000043f35f7e60
Event: 0.684 Thread 0x000001e379c52190 DEOPT UNPACKING pc=0x000001e30004df3f sp=0x00000043f35f7328 mode 0
Event: 0.684 Thread 0x000001e379c52190 DEOPT PACKING pc=0x000001e300614061 sp=0x00000043f35f7e60
Event: 0.684 Thread 0x000001e379c52190 DEOPT UNPACKING pc=0x000001e30004df3f sp=0x00000043f35f7328 mode 0
Event: 0.686 Thread 0x000001e379c52190 DEOPT PACKING pc=0x000001e300614061 sp=0x00000043f35f7dd0
Event: 0.686 Thread 0x000001e379c52190 DEOPT UNPACKING pc=0x000001e30004df3f sp=0x00000043f35f7298 mode 0
Event: 0.686 Thread 0x000001e379c52190 DEOPT PACKING pc=0x000001e300614061 sp=0x00000043f35f7e60
Event: 0.686 Thread 0x000001e379c52190 DEOPT UNPACKING pc=0x000001e30004df3f sp=0x00000043f35f7328 mode 0
Event: 0.691 Thread 0x000001e379c52190 DEOPT PACKING pc=0x000001e300614061 sp=0x00000043f35fb940
Event: 0.691 Thread 0x000001e379c52190 DEOPT UNPACKING pc=0x000001e30004df3f sp=0x00000043f35fae08 mode 0
Event: 0.691 Thread 0x000001e379c52190 DEOPT PACKING pc=0x000001e300614061 sp=0x00000043f35fb940
Event: 0.691 Thread 0x000001e379c52190 DEOPT UNPACKING pc=0x000001e30004df3f sp=0x00000043f35fae08 mode 0
Event: 0.691 Thread 0x000001e379c52190 DEOPT PACKING pc=0x000001e300614061 sp=0x00000043f35fb940
Event: 0.691 Thread 0x000001e379c52190 DEOPT UNPACKING pc=0x000001e30004df3f sp=0x00000043f35fae08 mode 0
Event: 0.693 Thread 0x000001e379c52190 DEOPT PACKING pc=0x000001e300614061 sp=0x00000043f35f7de0
Event: 0.693 Thread 0x000001e379c52190 DEOPT UNPACKING pc=0x000001e30004df3f sp=0x00000043f35f72a8 mode 0
Event: 0.746 Thread 0x000001e379c52190 Uncommon trap: trap_request=0xffffff45 fr.pc=0x000001e307ae2644 relative=0x0000000000000044
Event: 0.746 Thread 0x000001e379c52190 Uncommon trap: reason=unstable_if action=reinterpret pc=0x000001e307ae2644 method=java.lang.CharacterData.of(I)Ljava/lang/CharacterData; @ 4 c2
Event: 0.746 Thread 0x000001e379c52190 DEOPT PACKING pc=0x000001e307ae2644 sp=0x00000043f35fe740
Event: 0.746 Thread 0x000001e379c52190 DEOPT UNPACKING pc=0x000001e30004e12f sp=0x00000043f35fe6e0 mode 2

Classes unloaded (0 events):
No events

Classes redefined (4 events):
Event: 298.541 Thread 0x000001e37f3dd870 redefined class name=playerlab.DoublyLinkedList, count=1
Event: 298.541 Thread 0x000001e37f3dd870 redefined class name=playerlab.DoublyLinkedList$Node, count=1
Event: 307.851 Thread 0x000001e37f3dd870 redefined class name=playerlab.DoublyLinkedList, count=2
Event: 307.851 Thread 0x000001e37f3dd870 redefined class name=playerlab.DoublyLinkedList$Node, count=2

Internal exceptions (3 events):
Event: 0.529 Thread 0x000001e379c52190 Exception <a 'java/lang/NoSuchMethodError'{0x000000008812f0d8}: 'void java.lang.invoke.DirectMethodHandle$Holder.invokeStatic(java.lang.Object, java.lang.Object)'> (0x000000008812f0d8) 
thrown [./open/src/hotspot/share/interpreter/linkResolver.cpp, line 782]
Event: 0.530 Thread 0x000001e379c52190 Exception <a 'java/lang/NoSuchMethodError'{0x0000000088132d80}: 'void java.lang.invoke.DirectMethodHandle$Holder.invokeStaticInit(java.lang.Object, java.lang.Object)'> (0x0000000088132d80) 
thrown [./open/src/hotspot/share/interpreter/linkResolver.cpp, line 782]
Event: 0.659 Thread 0x000001e379c52190 Exception <a 'java/lang/NoSuchMethodError'{0x0000000087f14308}: 'java.lang.Object java.lang.invoke.DirectMethodHandle$Holder.invokeStatic(java.lang.Object)'> (0x0000000087f14308) 
thrown [./open/src/hotspot/share/interpreter/linkResolver.cpp, line 782]

Events (20 events):
Event: 299.142 Executing VM operation: GetFrameCount
Event: 299.142 Executing VM operation: GetFrameCount done
Event: 299.177 Executing VM operation: GetFrameLocation
Event: 299.177 Executing VM operation: GetFrameLocation done
Event: 299.177 Executing VM operation: get/set locals
Event: 299.177 Executing VM operation: get/set locals done
Event: 307.851 Executing VM operation: RedefineClasses
Event: 307.853 Executing VM operation: RedefineClasses done
Event: 307.859 Executing VM operation: ChangeBreakpoints
Event: 307.859 Executing VM operation: ChangeBreakpoints done
Event: 307.859 Executing VM operation: ChangeBreakpoints
Event: 307.859 Executing VM operation: ChangeBreakpoints done
Event: 307.861 Executing VM operation: GetFrameCount
Event: 307.861 Executing VM operation: GetFrameCount done
Event: 307.861 Executing VM operation: GetStackTrace
Event: 307.861 Executing VM operation: GetStackTrace done
Event: 308.355 Executing VM operation: GetFrameCount
Event: 308.355 Executing VM operation: GetFrameCount done
Event: 308.357 Executing VM operation: GetFrameLocation
Event: 308.357 Executing VM operation: GetFrameLocation done


Dynamic libraries:
0x00007ff7a0140000 - 0x00007ff7a014d000 	C:\Users\Leia Ladios\.p2\pool\plugins\org.eclipse.justj.openjdk.hotspot.jre.full.win32.x86_64_15.0.1.v20201027-0507\jre\bin\javaw.exe
0x00007ff928a40000 - 0x00007ff928c30000 	C:\WINDOWS\SYSTEM32\ntdll.dll
0x00007ff927d90000 - 0x00007ff927e42000 	C:\WINDOWS\System32\KERNEL32.DLL
0x00007ff925e40000 - 0x00007ff9260e5000 	C:\WINDOWS\System32\KERNELBASE.dll
0x00007ff925c30000 - 0x00007ff925d2a000 	C:\WINDOWS\System32\ucrtbase.dll
0x00007ff91e130000 - 0x00007ff91e149000 	C:\Users\Leia Ladios\.p2\pool\plugins\org.eclipse.justj.openjdk.hotspot.jre.full.win32.x86_64_15.0.1.v20201027-0507\jre\bin\VCRUNTIME140.dll
0x00007ff91e110000 - 0x00007ff91e128000 	C:\Users\Leia Ladios\.p2\pool\plugins\org.eclipse.justj.openjdk.hotspot.jre.full.win32.x86_64_15.0.1.v20201027-0507\jre\bin\jli.dll
0x00007ff926d30000 - 0x00007ff926ec4000 	C:\WINDOWS\System32\USER32.dll
0x00007ff9260f0000 - 0x00007ff926111000 	C:\WINDOWS\System32\win32u.dll
0x00007ff918f70000 - 0x00007ff9191f4000 	C:\WINDOWS\WinSxS\amd64_microsoft.windows.common-controls_6595b64144ccf1df_6.0.18362.1379_none_9e7ff3b3e45cc0c4\COMCTL32.dll
0x00007ff928360000 - 0x00007ff928386000 	C:\WINDOWS\System32\GDI32.dll
0x00007ff926bd0000 - 0x00007ff926c6e000 	C:\WINDOWS\System32\msvcrt.dll
0x00007ff925a90000 - 0x00007ff925c28000 	C:\WINDOWS\System32\gdi32full.dll
0x00007ff9259f0000 - 0x00007ff925a8e000 	C:\WINDOWS\System32\msvcp_win.dll
0x00007ff9286c0000 - 0x00007ff9289f7000 	C:\WINDOWS\System32\combase.dll
0x00007ff9285a0000 - 0x00007ff9286bf000 	C:\WINDOWS\System32\RPCRT4.dll
0x00007ff926a60000 - 0x00007ff926ae1000 	C:\WINDOWS\System32\bcryptPrimitives.dll
0x00007ff927ec0000 - 0x00007ff927eee000 	C:\WINDOWS\System32\IMM32.DLL
0x00007ff919a90000 - 0x00007ff919a9c000 	C:\Users\Leia Ladios\.p2\pool\plugins\org.eclipse.justj.openjdk.hotspot.jre.full.win32.x86_64_15.0.1.v20201027-0507\jre\bin\vcruntime140_1.dll
0x00007ff9199f0000 - 0x00007ff919a81000 	C:\Users\Leia Ladios\.p2\pool\plugins\org.eclipse.justj.openjdk.hotspot.jre.full.win32.x86_64_15.0.1.v20201027-0507\jre\bin\msvcp140.dll
0x00007ff8db360000 - 0x00007ff8dbebe000 	C:\Users\Leia Ladios\.p2\pool\plugins\org.eclipse.justj.openjdk.hotspot.jre.full.win32.x86_64_15.0.1.v20201027-0507\jre\bin\server\jvm.dll
0x00007ff9271f0000 - 0x00007ff927293000 	C:\WINDOWS\System32\ADVAPI32.dll
0x00007ff927ce0000 - 0x00007ff927d77000 	C:\WINDOWS\System32\sechost.dll
0x00007ff927d80000 - 0x00007ff927d88000 	C:\WINDOWS\System32\PSAPI.DLL
0x00007ff91eb00000 - 0x00007ff91eb09000 	C:\WINDOWS\SYSTEM32\WSOCK32.dll
0x00007ff927e50000 - 0x00007ff927ebf000 	C:\WINDOWS\System32\WS2_32.dll
0x00007ff917120000 - 0x00007ff917144000 	C:\WINDOWS\SYSTEM32\WINMM.dll
0x00007ff91bc00000 - 0x00007ff91bc0a000 	C:\WINDOWS\SYSTEM32\VERSION.dll
0x00007ff9170f0000 - 0x00007ff91711d000 	C:\WINDOWS\SYSTEM32\winmmbase.dll
0x00007ff9269f0000 - 0x00007ff926a3a000 	C:\WINDOWS\System32\cfgmgr32.dll
0x00007ff925970000 - 0x00007ff925981000 	C:\WINDOWS\System32\kernel.appcore.dll
0x00007ff91e9a0000 - 0x00007ff91e9aa000 	C:\Users\Leia Ladios\.p2\pool\plugins\org.eclipse.justj.openjdk.hotspot.jre.full.win32.x86_64_15.0.1.v20201027-0507\jre\bin\jimage.dll
0x00007ff9201d0000 - 0x00007ff9203c4000 	C:\WINDOWS\SYSTEM32\DBGHELP.DLL
0x00007ff91f240000 - 0x00007ff91f26a000 	C:\WINDOWS\SYSTEM32\dbgcore.DLL
0x00007ff9149e0000 - 0x00007ff914a19000 	C:\Users\Leia Ladios\.p2\pool\plugins\org.eclipse.justj.openjdk.hotspot.jre.full.win32.x86_64_15.0.1.v20201027-0507\jre\bin\jdwp.dll
0x00007ff9199e0000 - 0x00007ff9199ee000 	C:\Users\Leia Ladios\.p2\pool\plugins\org.eclipse.justj.openjdk.hotspot.jre.full.win32.x86_64_15.0.1.v20201027-0507\jre\bin\instrument.dll
0x00007ff90b730000 - 0x00007ff90b755000 	C:\Users\Leia Ladios\.p2\pool\plugins\org.eclipse.justj.openjdk.hotspot.jre.full.win32.x86_64_15.0.1.v20201027-0507\jre\bin\java.dll
0x00007ff91dad0000 - 0x00007ff91dae8000 	C:\Users\Leia Ladios\.p2\pool\plugins\org.eclipse.justj.openjdk.hotspot.jre.full.win32.x86_64_15.0.1.v20201027-0507\jre\bin\zip.dll
0x00007ff9272b0000 - 0x00007ff927998000 	C:\WINDOWS\System32\SHELL32.dll
0x00007ff927af0000 - 0x00007ff927b97000 	C:\WINDOWS\System32\shcore.dll
0x00007ff926270000 - 0x00007ff9269eb000 	C:\WINDOWS\System32\windows.storage.dll
0x00007ff925990000 - 0x00007ff9259b3000 	C:\WINDOWS\System32\profapi.dll
0x00007ff925900000 - 0x00007ff92594a000 	C:\WINDOWS\System32\powrprof.dll
0x00007ff9258f0000 - 0x00007ff925900000 	C:\WINDOWS\System32\UMPDC.dll
0x00007ff926af0000 - 0x00007ff926b42000 	C:\WINDOWS\System32\shlwapi.dll
0x00007ff926a40000 - 0x00007ff926a57000 	C:\WINDOWS\System32\cryptsp.dll
0x00007ff9199d0000 - 0x00007ff9199db000 	C:\Users\Leia Ladios\.p2\pool\plugins\org.eclipse.justj.openjdk.hotspot.jre.full.win32.x86_64_15.0.1.v20201027-0507\jre\bin\dt_socket.dll
0x00007ff924e40000 - 0x00007ff924e7a000 	C:\WINDOWS\SYSTEM32\IPHLPAPI.DLL
0x00007ff925130000 - 0x00007ff925197000 	C:\WINDOWS\system32\mswsock.dll
0x00007ff924e90000 - 0x00007ff924f5b000 	C:\WINDOWS\SYSTEM32\DNSAPI.dll
0x00007ff9271e0000 - 0x00007ff9271e8000 	C:\WINDOWS\System32\NSI.dll
0x00007ff91e190000 - 0x00007ff91e19a000 	C:\Windows\System32\rasadhlp.dll
0x00007ff91fac0000 - 0x00007ff91fb37000 	C:\WINDOWS\System32\fwpuclnt.dll
0x00007ff9259c0000 - 0x00007ff9259e6000 	C:\WINDOWS\System32\bcrypt.dll
0x00007ff9150b0000 - 0x00007ff9150c9000 	C:\Users\Leia Ladios\.p2\pool\plugins\org.eclipse.justj.openjdk.hotspot.jre.full.win32.x86_64_15.0.1.v20201027-0507\jre\bin\net.dll
0x00007ff9210c0000 - 0x00007ff9211b0000 	C:\WINDOWS\SYSTEM32\WINHTTP.dll
0x00007ff914a20000 - 0x00007ff914a32000 	C:\Users\Leia Ladios\.p2\pool\plugins\org.eclipse.justj.openjdk.hotspot.jre.full.win32.x86_64_15.0.1.v20201027-0507\jre\bin\nio.dll
0x00007ff91dba0000 - 0x00007ff91dbb0000 	C:\Users\Leia Ladios\.p2\pool\plugins\org.eclipse.justj.openjdk.hotspot.jre.full.win32.x86_64_15.0.1.v20201027-0507\jre\bin\verify.dll

dbghelp: loaded successfully - version: 4.0.5 - missing functions: none
symbol engine: initialized successfully - sym options: 0x614 - pdb path: .;C:\Users\Leia Ladios\.p2\pool\plugins\org.eclipse.justj.openjdk.hotspot.jre.full.win32.x86_64_15.0.1.v20201027-0507\jre\bin;C:\WINDOWS\SYSTEM32;C:\WINDOWS\WinSxS\amd64_microsoft.windows.common-controls_6595b64144ccf1df_6.0.18362.1379_none_9e7ff3b3e45cc0c4;C:\Users\Leia Ladios\.p2\pool\plugins\org.eclipse.justj.openjdk.hotspot.jre.full.win32.x86_64_15.0.1.v20201027-0507\jre\bin\server

VM Arguments:
jvm_args: -XX:+ShowCodeDetailsInExceptionMessages -agentlib:jdwp=transport=dt_socket,suspend=y,address=localhost:59490 -javaagent:C:\Users\Leia Ladios\eclipse\eclipse\configuration\org.eclipse.osgi\220\0\.cp\lib\javaagent-shaded.jar -Dfile.encoding=UTF-8 
java_command: playerlab.PlayerListMain
java_class_path (initial): C:\Users\Leia Ladios\Documents\CIS-216 Workspace\PlayerListDLL\bin
Launcher Type: SUN_STANDARD

[Global flags]
     intx CICompilerCount                          = 3                                         {product} {ergonomic}
     uint ConcGCThreads                            = 2                                         {product} {ergonomic}
     uint G1ConcRefinementThreads                  = 6                                         {product} {ergonomic}
   size_t G1HeapRegionSize                         = 1048576                                   {product} {ergonomic}
    uintx GCDrainStackTargetSize                   = 64                                        {product} {ergonomic}
   size_t InitialHeapSize                          = 134217728                                 {product} {ergonomic}
   size_t MarkStackSize                            = 4194304                                   {product} {ergonomic}
   size_t MaxHeapSize                              = 2143289344                                {product} {ergonomic}
   size_t MaxNewSize                               = 1285554176                                {product} {ergonomic}
   size_t MinHeapDeltaBytes                        = 1048576                                   {product} {ergonomic}
   size_t MinHeapSize                              = 8388608                                   {product} {ergonomic}
    uintx NonNMethodCodeHeapSize                   = 5832780                                {pd product} {ergonomic}
    uintx NonProfiledCodeHeapSize                  = 122912730                              {pd product} {ergonomic}
    uintx ProfiledCodeHeapSize                     = 122912730                              {pd product} {ergonomic}
    uintx ReservedCodeCacheSize                    = 251658240                              {pd product} {ergonomic}
     bool SegmentedCodeCache                       = true                                      {product} {ergonomic}
     bool ShowCodeDetailsInExceptionMessages       = true                                   {manageable} {command line}
   size_t SoftMaxHeapSize                          = 2143289344                             {manageable} {ergonomic}
     bool UseCompressedClassPointers               = true                                 {lp64_product} {ergonomic}
     bool UseCompressedOops                        = true                                 {lp64_product} {ergonomic}
     bool UseG1GC                                  = true                                      {product} {ergonomic}
     bool UseLargePagesIndividualAllocation        = false                                  {pd product} {ergonomic}

Logging:
Log output configuration:
 #0: stdout all=warning uptime,level,tags
 #1: stderr all=off uptime,level,tags

Environment Variables:
PATH=C:\Users\Leia Ladios\.p2\pool\plugins\org.eclipse.justj.openjdk.hotspot.jre.full.win32.x86_64_15.0.1.v20201027-0507\jre\bin;C:/Users/Leia Ladios/.p2/pool/plugins/org.eclipse.justj.openjdk.hotspot.jre.full.win32.x86_64_15.0.1.v20201027-0507/jre/bin/server;C:/Users/Leia Ladios/.p2/pool/plugins/org.eclipse.justj.openjdk.hotspot.jre.full.win32.x86_64_15.0.1.v20201027-0507/jre/bin;C:\WINDOWS\system32;C:\WINDOWS;C:\WINDOWS\System32\Wbem;C:\WINDOWS\System32\WindowsPowerShell\v1.0\;C:\WINDOWS\System32\OpenSSH\;C:\Program Files\PuTTY\;C:\Users\Leia Ladios\AppData\Local\Microsoft\WindowsApps;;C:\WINDOWS\system32;
USERNAME=Leia Ladios
OS=Windows_NT
PROCESSOR_IDENTIFIER=AMD64 Family 21 Model 2 Stepping 0, AuthenticAMD



---------------  S Y S T E M  ---------------

OS:
 Windows 10 , 64 bit Build 18362 (10.0.18362.1350)
OS uptime: 0 days 19:55 hours

CPU: total 6 (initial active 6) (6 cores per cpu, 1 threads per core) family 21 model 2 stepping 0 microcode 0x0, cmov, cx8, fxsr, mmx, sse, sse2, sse3, ssse3, sse4.1, sse4.2, popcnt, vzeroupper, avx, aes, clmul, 3dnowpref, lzcnt, sse4a, tsc, tscinvbit, tscinv, bmi1, fma, clflush

Memory: 4k page, system-wide physical 8168M (4265M free)
TotalPageFile size 12571M (AvailPageFile size 5450M)
current process WorkingSet (physical memory assigned to process): 47M, peak: 48M
current process commit charge ("private bytes"): 208M, peak: 209M

vm_info: OpenJDK 64-Bit Server VM (15.0.1+9-18) for windows-amd64 JRE (15.0.1+9-18), built on Sep 15 2020 14:39:31 by "mach5one" with unknown MS VC++:1925

END.
